  homework 4.cpp
c:\program files (x86)\microsoft directx sdk (june 2010)\include\dxgitype.h(12): warning C4005: 'DXGI_STATUS_OCCLUDED': macro redefinition
  c:\program files (x86)\windows kits\8.1\include\shared\winerror.h(50092): note: see previous definition of 'DXGI_STATUS_OCCLUDED'
c:\program files (x86)\microsoft directx sdk (june 2010)\include\dxgitype.h(13): warning C4005: 'DXGI_STATUS_CLIPPED': macro redefinition
  c:\program files (x86)\windows kits\8.1\include\shared\winerror.h(50101): note: see previous definition of 'DXGI_STATUS_CLIPPED'
c:\program files (x86)\microsoft directx sdk (june 2010)\include\dxgitype.h(14): warning C4005: 'DXGI_STATUS_NO_REDIRECTION': macro redefinition
  c:\program files (x86)\windows kits\8.1\include\shared\winerror.h(50110): note: see previous definition of 'DXGI_STATUS_NO_REDIRECTION'
c:\program files (x86)\microsoft directx sdk (june 2010)\include\dxgitype.h(15): warning C4005: 'DXGI_STATUS_NO_DESKTOP_ACCESS': macro redefinition
  c:\program files (x86)\windows kits\8.1\include\shared\winerror.h(50119): note: see previous definition of 'DXGI_STATUS_NO_DESKTOP_ACCESS'
c:\program files (x86)\microsoft directx sdk (june 2010)\include\dxgitype.h(16): warning C4005: 'DXGI_STATUS_GRAPHICS_VIDPN_SOURCE_IN_USE': macro redefinition
  c:\program files (x86)\windows kits\8.1\include\shared\winerror.h(50128): note: see previous definition of 'DXGI_STATUS_GRAPHICS_VIDPN_SOURCE_IN_USE'
c:\program files (x86)\microsoft directx sdk (june 2010)\include\dxgitype.h(17): warning C4005: 'DXGI_STATUS_MODE_CHANGED': macro redefinition
  c:\program files (x86)\windows kits\8.1\include\shared\winerror.h(50137): note: see previous definition of 'DXGI_STATUS_MODE_CHANGED'
c:\program files (x86)\microsoft directx sdk (june 2010)\include\dxgitype.h(18): warning C4005: 'DXGI_STATUS_MODE_CHANGE_IN_PROGRESS': macro redefinition
  c:\program files (x86)\windows kits\8.1\include\shared\winerror.h(50146): note: see previous definition of 'DXGI_STATUS_MODE_CHANGE_IN_PROGRESS'
c:\program files (x86)\microsoft directx sdk (june 2010)\include\dxgitype.h(21): warning C4005: 'DXGI_ERROR_INVALID_CALL': macro redefinition
  c:\program files (x86)\windows kits\8.1\include\shared\winerror.h(50161): note: see previous definition of 'DXGI_ERROR_INVALID_CALL'
c:\program files (x86)\microsoft directx sdk (june 2010)\include\dxgitype.h(22): warning C4005: 'DXGI_ERROR_NOT_FOUND': macro redefinition
  c:\program files (x86)\windows kits\8.1\include\shared\winerror.h(50170): note: see previous definition of 'DXGI_ERROR_NOT_FOUND'
c:\program files (x86)\microsoft directx sdk (june 2010)\include\dxgitype.h(23): warning C4005: 'DXGI_ERROR_MORE_DATA': macro redefinition
  c:\program files (x86)\windows kits\8.1\include\shared\winerror.h(50179): note: see previous definition of 'DXGI_ERROR_MORE_DATA'
c:\program files (x86)\microsoft directx sdk (june 2010)\include\dxgitype.h(24): warning C4005: 'DXGI_ERROR_UNSUPPORTED': macro redefinition
  c:\program files (x86)\windows kits\8.1\include\shared\winerror.h(50188): note: see previous definition of 'DXGI_ERROR_UNSUPPORTED'
c:\program files (x86)\microsoft directx sdk (june 2010)\include\dxgitype.h(25): warning C4005: 'DXGI_ERROR_DEVICE_REMOVED': macro redefinition
  c:\program files (x86)\windows kits\8.1\include\shared\winerror.h(50197): note: see previous definition of 'DXGI_ERROR_DEVICE_REMOVED'
c:\program files (x86)\microsoft directx sdk (june 2010)\include\dxgitype.h(26): warning C4005: 'DXGI_ERROR_DEVICE_HUNG': macro redefinition
  c:\program files (x86)\windows kits\8.1\include\shared\winerror.h(50206): note: see previous definition of 'DXGI_ERROR_DEVICE_HUNG'
c:\program files (x86)\microsoft directx sdk (june 2010)\include\dxgitype.h(27): warning C4005: 'DXGI_ERROR_DEVICE_RESET': macro redefinition
  c:\program files (x86)\windows kits\8.1\include\shared\winerror.h(50216): note: see previous definition of 'DXGI_ERROR_DEVICE_RESET'
c:\program files (x86)\microsoft directx sdk (june 2010)\include\dxgitype.h(28): warning C4005: 'DXGI_ERROR_WAS_STILL_DRAWING': macro redefinition
  c:\program files (x86)\windows kits\8.1\include\shared\winerror.h(50225): note: see previous definition of 'DXGI_ERROR_WAS_STILL_DRAWING'
c:\program files (x86)\microsoft directx sdk (june 2010)\include\dxgitype.h(29): warning C4005: 'DXGI_ERROR_FRAME_STATISTICS_DISJOINT': macro redefinition
  c:\program files (x86)\windows kits\8.1\include\shared\winerror.h(50235): note: see previous definition of 'DXGI_ERROR_FRAME_STATISTICS_DISJOINT'
c:\program files (x86)\microsoft directx sdk (june 2010)\include\dxgitype.h(30): warning C4005: 'DXGI_ERROR_GRAPHICS_VIDPN_SOURCE_IN_USE': macro redefinition
  c:\program files (x86)\windows kits\8.1\include\shared\winerror.h(50244): note: see previous definition of 'DXGI_ERROR_GRAPHICS_VIDPN_SOURCE_IN_USE'
c:\program files (x86)\microsoft directx sdk (june 2010)\include\dxgitype.h(31): warning C4005: 'DXGI_ERROR_DRIVER_INTERNAL_ERROR': macro redefinition
  c:\program files (x86)\windows kits\8.1\include\shared\winerror.h(50254): note: see previous definition of 'DXGI_ERROR_DRIVER_INTERNAL_ERROR'
c:\program files (x86)\microsoft directx sdk (june 2010)\include\dxgitype.h(32): warning C4005: 'DXGI_ERROR_NONEXCLUSIVE': macro redefinition
  c:\program files (x86)\windows kits\8.1\include\shared\winerror.h(50263): note: see previous definition of 'DXGI_ERROR_NONEXCLUSIVE'
c:\program files (x86)\microsoft directx sdk (june 2010)\include\dxgitype.h(33): warning C4005: 'DXGI_ERROR_NOT_CURRENTLY_AVAILABLE': macro redefinition
  c:\program files (x86)\windows kits\8.1\include\shared\winerror.h(50272): note: see previous definition of 'DXGI_ERROR_NOT_CURRENTLY_AVAILABLE'
c:\program files (x86)\microsoft directx sdk (june 2010)\include\dxgitype.h(34): warning C4005: 'DXGI_ERROR_REMOTE_CLIENT_DISCONNECTED': macro redefinition
  c:\program files (x86)\windows kits\8.1\include\shared\winerror.h(50282): note: see previous definition of 'DXGI_ERROR_REMOTE_CLIENT_DISCONNECTED'
c:\program files (x86)\microsoft directx sdk (june 2010)\include\dxgitype.h(35): warning C4005: 'DXGI_ERROR_REMOTE_OUTOFMEMORY': macro redefinition
  c:\program files (x86)\windows kits\8.1\include\shared\winerror.h(50291): note: see previous definition of 'DXGI_ERROR_REMOTE_OUTOFMEMORY'
c:\program files (x86)\microsoft directx sdk (june 2010)\include\d3d11.h(917): warning C4005: 'D3D11_ERROR_TOO_MANY_UNIQUE_STATE_OBJECTS': macro redefinition
  c:\program files (x86)\windows kits\8.1\include\shared\winerror.h(50469): note: see previous definition of 'D3D11_ERROR_TOO_MANY_UNIQUE_STATE_OBJECTS'
c:\program files (x86)\microsoft directx sdk (june 2010)\include\d3d11.h(918): warning C4005: 'D3D11_ERROR_FILE_NOT_FOUND': macro redefinition
  c:\program files (x86)\windows kits\8.1\include\shared\winerror.h(50478): note: see previous definition of 'D3D11_ERROR_FILE_NOT_FOUND'
c:\program files (x86)\microsoft directx sdk (june 2010)\include\d3d11.h(919): warning C4005: 'D3D11_ERROR_TOO_MANY_UNIQUE_VIEW_OBJECTS': macro redefinition
  c:\program files (x86)\windows kits\8.1\include\shared\winerror.h(50488): note: see previous definition of 'D3D11_ERROR_TOO_MANY_UNIQUE_VIEW_OBJECTS'
c:\program files (x86)\microsoft directx sdk (june 2010)\include\d3d11.h(920): warning C4005: 'D3D11_ERROR_DEFERRED_CONTEXT_MAP_WITHOUT_INITIAL_DISCARD': macro redefinition
  c:\program files (x86)\windows kits\8.1\include\shared\winerror.h(50497): note: see previous definition of 'D3D11_ERROR_DEFERRED_CONTEXT_MAP_WITHOUT_INITIAL_DISCARD'
c:\program files (x86)\microsoft directx sdk (june 2010)\include\d3d10.h(608): warning C4005: 'D3D10_ERROR_TOO_MANY_UNIQUE_STATE_OBJECTS': macro redefinition
  c:\program files (x86)\windows kits\8.1\include\shared\winerror.h(50445): note: see previous definition of 'D3D10_ERROR_TOO_MANY_UNIQUE_STATE_OBJECTS'
c:\program files (x86)\microsoft directx sdk (june 2010)\include\d3d10.h(609): warning C4005: 'D3D10_ERROR_FILE_NOT_FOUND': macro redefinition
  c:\program files (x86)\windows kits\8.1\include\shared\winerror.h(50454): note: see previous definition of 'D3D10_ERROR_FILE_NOT_FOUND'
c:\program files (x86)\microsoft directx sdk (june 2010)\include\xnamath.h(2662): warning C4838: conversion from 'unsigned int' to 'INT' requires a narrowing conversion
c:\program files (x86)\microsoft directx sdk (june 2010)\include\xnamath.h(2663): warning C4838: conversion from 'unsigned int' to 'INT' requires a narrowing conversion
c:\program files (x86)\microsoft directx sdk (june 2010)\include\xnamath.h(2664): warning C4838: conversion from 'unsigned int' to 'INT' requires a narrowing conversion
c:\program files (x86)\microsoft directx sdk (june 2010)\include\xnamath.h(2665): warning C4838: conversion from 'unsigned int' to 'INT' requires a narrowing conversion
c:\program files (x86)\microsoft directx sdk (june 2010)\include\xnamath.h(2666): warning C4838: conversion from 'unsigned int' to 'INT' requires a narrowing conversion
c:\program files (x86)\microsoft directx sdk (june 2010)\include\xnamath.h(2667): warning C4838: conversion from 'unsigned int' to 'INT' requires a narrowing conversion
c:\program files (x86)\microsoft directx sdk (june 2010)\include\xnamath.h(2668): warning C4838: conversion from 'unsigned int' to 'INT' requires a narrowing conversion
c:\program files (x86)\microsoft directx sdk (june 2010)\include\xnamath.h(2689): warning C4838: conversion from 'unsigned int' to 'INT' requires a narrowing conversion
c:\program files (x86)\microsoft directx sdk (june 2010)\include\xnamath.h(2690): warning C4838: conversion from 'unsigned int' to 'INT' requires a narrowing conversion
c:\program files (x86)\microsoft directx sdk (june 2010)\include\xnamath.h(2691): warning C4838: conversion from 'unsigned int' to 'INT' requires a narrowing conversion
c:\program files (x86)\microsoft directx sdk (june 2010)\include\xnamath.h(2694): warning C4838: conversion from 'unsigned int' to 'INT' requires a narrowing conversion
c:\program files (x86)\microsoft directx sdk (june 2010)\include\xnamath.h(2695): warning C4838: conversion from 'unsigned int' to 'INT' requires a narrowing conversion
c:\program files (x86)\microsoft directx sdk (june 2010)\include\xnamath.h(2698): warning C4838: conversion from 'unsigned int' to 'INT' requires a narrowing conversion
c:\program files (x86)\microsoft directx sdk (june 2010)\include\xnamath.h(2702): warning C4838: conversion from 'unsigned int' to 'INT' requires a narrowing conversion
c:\program files (x86)\microsoft directx sdk (june 2010)\include\xnamath.h(2712): warning C4838: conversion from 'unsigned int' to 'INT' requires a narrowing conversion
c:\program files (x86)\microsoft directx sdk (june 2010)\include\xnamath.h(2713): warning C4838: conversion from 'unsigned int' to 'INT' requires a narrowing conversion
c:\program files (x86)\microsoft directx sdk (june 2010)\include\xnamath.h(2715): warning C4838: conversion from 'unsigned int' to 'INT' requires a narrowing conversion
c:\program files (x86)\microsoft directx sdk (june 2010)\include\xnamath.h(2716): warning C4838: conversion from 'unsigned int' to 'INT' requires a narrowing conversion
c:\program files (x86)\microsoft directx sdk (june 2010)\include\xnamath.h(2717): warning C4838: conversion from 'unsigned int' to 'INT' requires a narrowing conversion
c:\program files (x86)\microsoft directx sdk (june 2010)\include\xnamath.h(2727): warning C4838: conversion from 'unsigned int' to 'INT' requires a narrowing conversion
c:\program files (x86)\microsoft directx sdk (june 2010)\include\xnamath.h(2728): warning C4838: conversion from 'unsigned int' to 'INT' requires a narrowing conversion
c:\program files (x86)\microsoft directx sdk (june 2010)\include\xnamath.h(2729): warning C4838: conversion from 'unsigned int' to 'INT' requires a narrowing conversion
c:\program files (x86)\microsoft directx sdk (june 2010)\include\xnamath.h(2730): warning C4838: conversion from 'unsigned int' to 'INT' requires a narrowing conversion
c:\program files (x86)\microsoft directx sdk (june 2010)\include\xnamath.h(2731): warning C4838: conversion from 'unsigned int' to 'INT' requires a narrowing conversion
c:\program files (x86)\microsoft directx sdk (june 2010)\include\xnamath.h(2732): warning C4838: conversion from 'unsigned int' to 'INT' requires a narrowing conversion
c:\program files (x86)\microsoft directx sdk (june 2010)\include\xnamath.h(2742): warning C4838: conversion from 'unsigned int' to 'INT' requires a narrowing conversion
c:\program files (x86)\microsoft directx sdk (june 2010)\include\xnamath.h(2743): warning C4838: conversion from 'unsigned int' to 'INT' requires a narrowing conversion
c:\program files (x86)\microsoft directx sdk (june 2010)\include\xnamath.h(2754): warning C4838: conversion from 'unsigned int' to 'INT' requires a narrowing conversion
c:\program files (x86)\microsoft directx sdk (june 2010)\include\xnamathconvert.inl(2254): warning C4838: conversion from 'unsigned int' to 'INT' requires a narrowing conversion
c:\program files (x86)\microsoft directx sdk (june 2010)\include\xnamathconvert.inl(4523): warning C4838: conversion from 'unsigned int' to 'INT' requires a narrowing conversion
c:\program files (x86)\microsoft directx sdk (june 2010)\include\xnamathconvert.inl(4577): warning C4838: conversion from 'unsigned int' to 'INT' requires a narrowing conversion
c:\program files (x86)\microsoft directx sdk (june 2010)\include\xnamathconvert.inl(4639): warning C4838: conversion from 'unsigned int' to 'INT' requires a narrowing conversion
c:\program files (x86)\microsoft directx sdk (june 2010)\include\xnamathconvert.inl(4707): warning C4838: conversion from 'unsigned int' to 'INT' requires a narrowing conversion
c:\program files (x86)\microsoft directx sdk (june 2010)\include\xnamathconvert.inl(4770): warning C4838: conversion from 'unsigned int' to 'INT' requires a narrowing conversion
c:\program files (x86)\microsoft directx sdk (june 2010)\include\xnamathconvert.inl(4832): warning C4838: conversion from 'unsigned int' to 'INT' requires a narrowing conversion
c:\program files (x86)\microsoft directx sdk (june 2010)\include\xnamathvector.inl(1269): warning C4838: conversion from 'unsigned int' to 'INT' requires a narrowing conversion
c:\program files (x86)\microsoft directx sdk (june 2010)\include\xnamathmisc.inl(518): warning C4838: conversion from 'unsigned int' to 'INT' requires a narrowing conversion
c:\program files (x86)\microsoft directx sdk (june 2010)\include\xnamathmisc.inl(519): warning C4838: conversion from 'unsigned int' to 'INT' requires a narrowing conversion
d:\c++\homework 5v2\groundwork.h(153): warning C4552: '/': operator has no effect; expected operator with side-effect
d:\c++\homework 5v2\groundwork.h(173): warning C4324: 'billboard': structure was padded due to alignment specifier
d:\c++\homework 5v2\groundwork.h(191): warning C4100: 'ViewMatrix': unreferenced formal parameter
d:\c++\homework 5v2\groundwork.h(272): warning C4244: 'argument': conversion from 'int' to 'FLOAT', possible loss of data
d:\c++\homework 5v2\groundwork.h(274): warning C4244: 'argument': conversion from 'int' to 'FLOAT', possible loss of data
d:\c++\homework 5v2\groundwork.h(276): warning C4244: 'argument': conversion from 'int' to 'FLOAT', possible loss of data
d:\c++\homework 5v2\groundwork.h(278): warning C4244: 'argument': conversion from 'int' to 'FLOAT', possible loss of data
d:\c++\homework 5v2\groundwork.h(283): warning C4244: 'argument': conversion from 'int' to 'FLOAT', possible loss of data
d:\c++\homework 5v2\groundwork.h(288): warning C4244: 'argument': conversion from 'int' to 'FLOAT', possible loss of data
d:\c++\homework 5v2\groundwork.h(325): warning C4018: '>=': signed/unsigned mismatch
d:\c++\homework 5v2\groundwork.h(331): warning C4244: '=': conversion from 'double' to 'float', possible loss of data
d:\c++\homework 5v2\groundwork.h(332): warning C4244: '=': conversion from 'double' to 'float', possible loss of data
d:\c++\homework 5v2\groundwork.h(333): warning C4244: 'argument': conversion from 'float' to 'int', possible loss of data
d:\c++\homework 5v2\groundwork.h(347): warning C4018: '>=': signed/unsigned mismatch
d:\c++\homework 5v2\groundwork.h(367): warning C4018: '<': signed/unsigned mismatch
d:\c++\homework 5v2\groundwork.h(371): warning C4018: '>=': signed/unsigned mismatch
d:\c++\homework 5v2\groundwork.h(420): warning C4244: '-=': conversion from 'double' to 'FLOAT', possible loss of data
d:\c++\homework 5v2\groundwork.h(421): warning C4244: '-=': conversion from 'double' to 'FLOAT', possible loss of data
d:\c++\homework 5v2\groundwork.h(422): warning C4244: '-=': conversion from 'double' to 'FLOAT', possible loss of data
d:\c++\homework 5v2\groundwork.h(431): warning C4244: '+=': conversion from 'double' to 'FLOAT', possible loss of data
d:\c++\homework 5v2\groundwork.h(432): warning C4244: '+=': conversion from 'double' to 'FLOAT', possible loss of data
d:\c++\homework 5v2\groundwork.h(433): warning C4244: '+=': conversion from 'double' to 'FLOAT', possible loss of data
d:\c++\homework 5v2\groundwork.h(442): warning C4244: '-=': conversion from 'double' to 'FLOAT', possible loss of data
d:\c++\homework 5v2\groundwork.h(443): warning C4244: '-=': conversion from 'double' to 'FLOAT', possible loss of data
d:\c++\homework 5v2\groundwork.h(444): warning C4244: '-=': conversion from 'double' to 'FLOAT', possible loss of data
d:\c++\homework 5v2\groundwork.h(453): warning C4244: '+=': conversion from 'double' to 'FLOAT', possible loss of data
d:\c++\homework 5v2\groundwork.h(454): warning C4244: '+=': conversion from 'double' to 'FLOAT', possible loss of data
d:\c++\homework 5v2\groundwork.h(455): warning C4244: '+=': conversion from 'double' to 'FLOAT', possible loss of data
d:\c++\homework 5v2\groundwork.h(402): warning C4100: 'leveldata': unreferenced formal parameter
d:\c++\homework 5v2\groundwork.h(472): warning C4100: 'ViewMatrix': unreferenced formal parameter
d:\c++\homework 5v2\homework 4.cpp(686): warning C4316: 'billboard': object allocated on the heap may not be aligned 16
d:\c++\homework 5v2\homework 4.cpp(726): warning C4100: 'keyFlags': unreferenced formal parameter
d:\c++\homework 5v2\homework 4.cpp(726): warning C4100: 'y': unreferenced formal parameter
d:\c++\homework 5v2\homework 4.cpp(726): warning C4100: 'x': unreferenced formal parameter
d:\c++\homework 5v2\homework 4.cpp(726): warning C4100: 'fDoubleClick': unreferenced formal parameter
d:\c++\homework 5v2\homework 4.cpp(726): warning C4100: 'hwnd': unreferenced formal parameter
d:\c++\homework 5v2\homework 4.cpp(733): warning C4100: 'keyFlags': unreferenced formal parameter
d:\c++\homework 5v2\homework 4.cpp(733): warning C4100: 'y': unreferenced formal parameter
d:\c++\homework 5v2\homework 4.cpp(733): warning C4100: 'x': unreferenced formal parameter
d:\c++\homework 5v2\homework 4.cpp(733): warning C4100: 'fDoubleClick': unreferenced formal parameter
d:\c++\homework 5v2\homework 4.cpp(733): warning C4100: 'hwnd': unreferenced formal parameter
d:\c++\homework 5v2\homework 4.cpp(740): warning C4100: 'cRepeat': unreferenced formal parameter
d:\c++\homework 5v2\homework 4.cpp(740): warning C4100: 'ch': unreferenced formal parameter
d:\c++\homework 5v2\homework 4.cpp(740): warning C4100: 'hwnd': unreferenced formal parameter
d:\c++\homework 5v2\homework 4.cpp(747): warning C4100: 'keyFlags': unreferenced formal parameter
d:\c++\homework 5v2\homework 4.cpp(747): warning C4100: 'y': unreferenced formal parameter
d:\c++\homework 5v2\homework 4.cpp(747): warning C4100: 'x': unreferenced formal parameter
d:\c++\homework 5v2\homework 4.cpp(747): warning C4100: 'hwnd': unreferenced formal parameter
d:\c++\homework 5v2\homework 4.cpp(755): warning C4100: 'keyFlags': unreferenced formal parameter
d:\c++\homework 5v2\homework 4.cpp(755): warning C4100: 'y': unreferenced formal parameter
d:\c++\homework 5v2\homework 4.cpp(755): warning C4100: 'x': unreferenced formal parameter
d:\c++\homework 5v2\homework 4.cpp(755): warning C4100: 'hwnd': unreferenced formal parameter
d:\c++\homework 5v2\homework 4.cpp(767): warning C4459: declaration of 'x' hides global declaration
  d:\c++\homework 5v2\homework 4.cpp(765): note: see declaration of 'x'
d:\c++\homework 5v2\homework 4.cpp(767): warning C4459: declaration of 'y' hides global declaration
  d:\c++\homework 5v2\homework 4.cpp(765): note: see declaration of 'y'
d:\c++\homework 5v2\homework 4.cpp(783): warning C4244: '-=': conversion from 'double' to 'FLOAT', possible loss of data
d:\c++\homework 5v2\homework 4.cpp(801): warning C4100: 'lpCreateStruct': unreferenced formal parameter
d:\c++\homework 5v2\homework 4.cpp(801): warning C4100: 'hwnd': unreferenced formal parameter
d:\c++\homework 5v2\homework 4.cpp(806): warning C4100: 'id': unreferenced formal parameter
d:\c++\homework 5v2\homework 4.cpp(806): warning C4100: 'hwnd': unreferenced formal parameter
d:\c++\homework 5v2\homework 4.cpp(815): warning C4100: 'flags': unreferenced formal parameter
d:\c++\homework 5v2\homework 4.cpp(815): warning C4100: 'cRepeat': unreferenced formal parameter
d:\c++\homework 5v2\homework 4.cpp(815): warning C4100: 'fDown': unreferenced formal parameter
d:\c++\homework 5v2\homework 4.cpp(815): warning C4100: 'hwnd': unreferenced formal parameter
d:\c++\homework 5v2\homework 4.cpp(862): warning C4316: 'billboard': object allocated on the heap may not be aligned 16
d:\c++\homework 5v2\homework 4.cpp(839): warning C4100: 'flags': unreferenced formal parameter
d:\c++\homework 5v2\homework 4.cpp(839): warning C4100: 'cRepeat': unreferenced formal parameter
d:\c++\homework 5v2\homework 4.cpp(839): warning C4100: 'fDown': unreferenced formal parameter
d:\c++\homework 5v2\homework 4.cpp(839): warning C4100: 'hwnd': unreferenced formal parameter
d:\c++\homework 5v2\homework 4.cpp(959): warning C4018: '<': signed/unsigned mismatch
d:\c++\homework 5v2\homework 4.cpp(957): warning C4100: 'elapsed_microseconds': unreferenced formal parameter
d:\c++\homework 5v2\homework 4.cpp(972): warning C4244: 'initializing': conversion from 'long double' to 'long', possible loss of data
d:\c++\homework 5v2\homework 4.cpp(1036): warning C4018: '<': signed/unsigned mismatch
d:\c++\homework 5v2\homework 4.cpp(1039): warning C4456: declaration of 'constantbuffer' hides previous local declaration
  d:\c++\homework 5v2\homework 4.cpp(999): note: see declaration of 'constantbuffer'
d:\c++\homework 5v2\homework 4.cpp(1053): warning C4018: '<': signed/unsigned mismatch
d:\c++\homework 5v2\homework 4.cpp(1056): warning C4018: '<': signed/unsigned mismatch
d:\c++\homework 5v2\homework 4.cpp(1076): warning C4018: '<': signed/unsigned mismatch
d:\c++\homework 5v2\homework 4.cpp(1105): warning C4244: 'argument': conversion from 'long' to 'float', possible loss of data
d:\c++\homework 5v2\homework 4.cpp(1106): warning C4018: '<': signed/unsigned mismatch
d:\c++\homework 5v2\homework 4.cpp(1110): warning C4456: declaration of 'constantbuffer' hides previous local declaration
  d:\c++\homework 5v2\homework 4.cpp(999): note: see declaration of 'constantbuffer'
  lecture 8_2010.vcxproj -> D:\C++\homework 5v2\Debug\homework 4.exe
  lecture 8_2010.vcxproj -> D:\C++\homework 5v2\Debug\homework 4.pdb (Full PDB)
